Daily activity on Thu Mar 27 19:01:16 UTC 2025
Daily activity on Fri Mar 28 06:25:11 UTC 2025
Daily activity on Sat Mar 29 06:22:58 UTC 2025
Daily activity on Sun Mar 30 06:23:33 UTC 2025
Daily activity on Mon Mar 31 06:26:31 UTC 2025
Daily activity on Tue Apr  1 06:26:58 UTC 2025
Daily activity on Wed Apr  2 06:25:37 UTC 2025
Daily activity on Thu Apr  3 06:26:04 UTC 2025
Daily activity on Fri Apr  4 06:25:34 UTC 2025
Daily activity on Sat Apr  5 06:23:15 UTC 2025
Daily activity on Sun Apr  6 06:24:04 UTC 2025
Daily activity on Mon Apr  7 06:26:32 UTC 2025
Daily activity on Tue Apr  8 06:26:23 UTC 2025
Daily activity on Wed Apr  9 06:26:26 UTC 2025
Daily activity on Thu Apr 10 06:26:13 UTC 2025
Daily activity on Fri Apr 11 06:25:53 UTC 2025
Daily activity on Sat Apr 12 06:23:02 UTC 2025
Daily activity on Sun Apr 13 06:23:57 UTC 2025
Daily activity on Mon Apr 14 06:27:46 UTC 2025
Daily activity on Tue Apr 15 06:26:13 UTC 2025
Daily activity on Wed Apr 16 06:26:29 UTC 2025
Daily activity on Thu Apr 17 06:26:00 UTC 2025
Daily activity on Fri Apr 18 06:25:54 UTC 2025
Daily activity on Sat Apr 19 06:23:35 UTC 2025
Daily activity on Sun Apr 20 06:24:01 UTC 2025
Daily activity on Mon Apr 21 06:26:06 UTC 2025
Daily activity on Tue Apr 22 06:26:07 UTC 2025
Daily activity on Wed Apr 23 06:26:13 UTC 2025
Daily activity on Thu Apr 24 06:26:54 UTC 2025
Daily activity on Fri Apr 25 06:26:21 UTC 2025
Daily activity on Sat Apr 26 06:23:37 UTC 2025
Daily activity on Sun Apr 27 06:23:50 UTC 2025
Daily activity on Mon Apr 28 06:33:21 UTC 2025
Daily activity on Tue Apr 29 06:26:59 UTC 2025
Daily activity on Wed Apr 30 06:26:44 UTC 2025
Daily activity on Thu May  1 06:27:12 UTC 2025
Daily activity on Fri May  2 06:26:20 UTC 2025
Daily activity on Sat May  3 06:24:05 UTC 2025
Daily activity on Sun May  4 06:24:56 UTC 2025
Daily activity on Mon May  5 06:27:36 UTC 2025
Daily activity on Tue May  6 06:26:38 UTC 2025
Daily activity on Wed May  7 06:27:02 UTC 2025
Daily activity on Thu May  8 06:27:33 UTC 2025
Daily activity on Fri May  9 06:27:11 UTC 2025
Daily activity on Sat May 10 06:23:52 UTC 2025
Daily activity on Sun May 11 06:24:41 UTC 2025
Daily activity on Mon May 12 06:28:19 UTC 2025
Daily activity on Tue May 13 06:27:21 UTC 2025
Daily activity on Wed May 14 06:27:01 UTC 2025
Daily activity on Thu May 15 06:27:40 UTC 2025
Daily activity on Fri May 16 06:27:40 UTC 2025
Daily activity on Sat May 17 06:24:26 UTC 2025
Daily activity on Sun May 18 06:25:30 UTC 2025
Daily activity on Mon May 19 06:28:27 UTC 2025
Daily activity on Tue May 20 06:27:47 UTC 2025
Daily activity on Wed May 21 06:27:39 UTC 2025
Daily activity on Thu May 22 06:27:28 UTC 2025
Daily activity on Fri May 23 06:26:59 UTC 2025
Daily activity on Sat May 24 06:24:11 UTC 2025
Daily activity on Sun May 25 06:24:45 UTC 2025
Daily activity on Mon May 26 06:28:34 UTC 2025
Daily activity on Tue May 27 06:27:19 UTC 2025
Daily activity on Wed May 28 06:27:32 UTC 2025
Daily activity on Thu May 29 06:27:48 UTC 2025
Daily activity on Fri May 30 06:27:05 UTC 2025
Daily activity on Sat May 31 06:25:10 UTC 2025
Daily activity on Sun Jun  1 06:26:19 UTC 2025
Daily activity on Mon Jun  2 06:29:12 UTC 2025
Daily activity on Tue Jun  3 06:29:07 UTC 2025
Daily activity on Wed Jun  4 06:27:47 UTC 2025
Daily activity on Thu Jun  5 06:28:56 UTC 2025
Daily activity on Fri Jun  6 06:28:47 UTC 2025
Daily activity on Sat Jun  7 06:25:12 UTC 2025
Daily activity on Sun Jun  8 06:26:48 UTC 2025
Daily activity on Mon Jun  9 06:29:41 UTC 2025
Daily activity on Tue Jun 10 06:28:13 UTC 2025
Daily activity on Wed Jun 11 06:28:06 UTC 2025
Daily activity on Thu Jun 12 06:28:44 UTC 2025
Daily activity on Fri Jun 13 06:28:26 UTC 2025
Daily activity on Sat Jun 14 06:25:11 UTC 2025
Daily activity on Sun Jun 15 06:25:47 UTC 2025
Daily activity on Mon Jun 16 06:30:05 UTC 2025
Daily activity on Tue Jun 17 06:28:25 UTC 2025
Daily activity on Wed Jun 18 06:28:17 UTC 2025
Daily activity on Thu Jun 19 06:28:27 UTC 2025
Daily activity on Fri Jun 20 06:28:12 UTC 2025
Daily activity on Sat Jun 21 06:25:48 UTC 2025
Daily activity on Sun Jun 22 06:26:16 UTC 2025
Daily activity on Mon Jun 23 06:30:15 UTC 2025
Daily activity on Tue Jun 24 06:29:25 UTC 2025
Daily activity on Wed Jun 25 06:29:24 UTC 2025
Daily activity on Thu Jun 26 06:29:25 UTC 2025
Daily activity on Fri Jun 27 06:28:54 UTC 2025
Daily activity on Sat Jun 28 06:25:53 UTC 2025
Daily activity on Sun Jun 29 06:27:05 UTC 2025
Daily activity on Mon Jun 30 06:29:51 UTC 2025
Daily activity on Tue Jul  1 06:29:37 UTC 2025
Daily activity on Wed Jul  2 06:29:10 UTC 2025
Daily activity on Thu Jul  3 06:29:35 UTC 2025
Daily activity on Fri Jul  4 06:29:32 UTC 2025
Daily activity on Sat Jul  5 06:26:24 UTC 2025
Daily activity on Sun Jul  6 06:27:14 UTC 2025
Daily activity on Mon Jul  7 06:30:32 UTC 2025
Daily activity on Tue Jul  8 06:29:21 UTC 2025
Daily activity on Wed Jul  9 06:29:37 UTC 2025
Daily activity on Thu Jul 10 06:30:17 UTC 2025
Daily activity on Fri Jul 11 06:29:51 UTC 2025
Daily activity on Sat Jul 12 06:27:19 UTC 2025
Daily activity on Sun Jul 13 06:28:02 UTC 2025
Daily activity on Mon Jul 14 06:31:46 UTC 2025
Daily activity on Tue Jul 15 06:30:55 UTC 2025
Daily activity on Wed Jul 16 06:30:25 UTC 2025
Daily activity on Thu Jul 17 06:30:16 UTC 2025
Daily activity on Fri Jul 18 06:30:27 UTC 2025
Daily activity on Sat Jul 19 06:28:10 UTC 2025
